e:\vs\videoqualitydetection\x64\debug\vc142.pdb
e:\vs\videoqualitydetection\x64\debug\vc142.idb
e:\vs\videoqualitydetection\x64\debug\vqa.obj
e:\vs\videoqualitydetection\x64\debug\stripedetect.obj
e:\vs\videoqualitydetection\x64\debug\sharpnessdetect.obj
e:\vs\videoqualitydetection\x64\debug\shakedetect.obj
e:\vs\videoqualitydetection\x64\debug\occlusiondetect.obj
e:\vs\videoqualitydetection\x64\debug\noisedetect.obj
e:\vs\videoqualitydetection\x64\debug\losdetect.obj
e:\vs\videoqualitydetection\x64\debug\freezedetect.obj
e:\vs\videoqualitydetection\x64\debug\action.obj
e:\vs\videoqualitydetection\x64\debug\brightdetect.obj
e:\vs\videoqualitydetection\x64\debug\detection.obj
e:\vs\videoqualitydetection\x64\debug\contrastdetect.obj
e:\vs\videoqualitydetection\x64\debug\colorcastdetect.obj
e:\vs\videoqualitydetection\x64\debug\bootstrap.obj
e:\vs\videoqualitydetection\x64\debug\videoqualitydetection.exe
e:\vs\videoqualitydetection\x64\debug\videoqualitydetection.ilk
e:\vs\videoqualitydetection\x64\debug\videoqualitydetection.pdb
e:\vs\videoqualitydetection\x64\debug\videoqua.752614e3.tlog\cl.command.1.tlog
e:\vs\videoqualitydetection\x64\debug\videoqua.752614e3.tlog\cl.read.1.tlog
e:\vs\videoqualitydetection\x64\debug\videoqua.752614e3.tlog\cl.write.1.tlog
e:\vs\videoqualitydetection\x64\debug\videoqua.752614e3.tlog\link.command.1.tlog
e:\vs\videoqualitydetection\x64\debug\videoqua.752614e3.tlog\link.read.1.tlog
e:\vs\videoqualitydetection\x64\debug\videoqua.752614e3.tlog\link.write.1.tlog
