  ColorCastDetect.cpp
E:\VS\VideoQualityDetection\ColorCastDetect.cpp(49,1): error C2440: “<function-style-cast>”: 无法从“cv::Mat”转换为“IplImage”
E:\VS\VideoQualityDetection\ColorCastDetect.cpp(49,1): message : 无构造函数可以接受源类型，或构造函数重载决策不明确
E:\VS\VideoQualityDetection\ColorCastDetect.cpp(50,3): error C2143: 语法错误: 缺少“;”(在“if”的前面)
  VQA.cpp
E:\VS\VideoQualityDetection\ColorCastDetect.cpp(49,1): error C2440: “<function-style-cast>”: 无法从“cv::Mat”转换为“IplImage”
E:\VS\VideoQualityDetection\ColorCastDetect.cpp(49,1): message : 无构造函数可以接受源类型，或构造函数重载决策不明确
E:\VS\VideoQualityDetection\ColorCastDetect.cpp(50,3): error C2143: 语法错误: 缺少“;”(在“if”的前面)
E:\VS\VideoQualityDetection\LOSDetect.cpp(3,10): warning C4067: 预处理器指令后有意外标记 - 应输入换行符
E:\VS\VideoQualityDetection\OcclusionDetect.cpp(33,34): warning C4244: “=”: 从“_Tp”转换到“float”，可能丢失数据
          with
          [
              _Tp=double
          ]
E:\VS\VideoQualityDetection\OcclusionDetect.cpp(34,34): warning C4244: “=”: 从“_Tp”转换到“float”，可能丢失数据
          with
          [
              _Tp=double
          ]
E:\VS\VideoQualityDetection\ShakeDetect.cpp(56,1): warning C4305: “初始化”: 从“__int64”到“float”截断
E:\VS\VideoQualityDetection\ShakeDetect.cpp(62,1): warning C4244: “+=”: 从“double”转换到“float”，可能丢失数据
E:\VS\VideoQualityDetection\ShakeDetect.cpp(92,30): warning C4244: “=”: 从“float”转换到“_Ty”，可能丢失数据
          with
          [
              _Ty=int
          ]
E:\VS\VideoQualityDetection\ShakeDetect.cpp(93,32): warning C4244: “=”: 从“float”转换到“_Ty”，可能丢失数据
          with
          [
              _Ty=int
          ]
E:\VS\VideoQualityDetection\ShakeDetect.cpp(98,30): warning C4244: “=”: 从“float”转换到“_Ty”，可能丢失数据
          with
          [
              _Ty=int
          ]
E:\VS\VideoQualityDetection\ShakeDetect.cpp(99,32): warning C4244: “=”: 从“float”转换到“_Ty”，可能丢失数据
          with
          [
              _Ty=int
          ]
  正在生成代码...
